<?xml version="1.0" encoding="UTF-8"?>
<testsuites name="TestSuite2" time="7" tests="1" failures="0" errors="0">
   <testsuite name="TestSuite2" tests="1" failures="0" errors="0" time="7" timestamp="2019-04-16 00:22:35" hostname="User - DESKTOP-EIUQFPA" id="Test Suites/TestSuite2">
      <properties>
         <property name="deviceName" value=""/>
         <property name="devicePlatform" value=""/>
         <property name="logFolder" value="M:\\KatalonStudio\\SimpleRESTTest\\Reports\\TestSuite2\\20190416_002227"/>
         <property name="logFiles" value="M:\\KatalonStudio\\SimpleRESTTest\\Reports\\TestSuite2\\20190416_002227\\execution0.log"/>
         <property name="attachments" value=""/>
         <property name="hostName" value="User - DESKTOP-EIUQFPA"/>
         <property name="hostAddress" value="192.168.91.1"/>
         <property name="os" value="Windows 10 64bit"/>
         <property name="katalonVersion" value="6.1.1.1"/>
      </properties>
      <testcase name="Test Cases/CapitalCityByISOCodeFindTest" classname="Test Cases/CapitalCityByISOCodeFindTest" status="PASSED">
         <system-out><![CDATA[2019-04-16 00:22:36 - [TEST_CASE][PASSED] - Test Cases/CapitalCityByISOCodeFindTest: Test Cases/CapitalCityByISOCodeFindTest

2019-04-16 00:22:36 - [TEST_STEP][PASSED] - response = sendRequest(findTestObject("CountryList/List_Of_Countries")): Send request successfully

2019-04-16 00:22:40 - [MESSAGE][INFO] - HAR: M:\KatalonStudio\SimpleRESTTest\Reports\TestSuite2\20190416_002227\requests\main\0.har

2019-04-16 00:22:40 - [MESSAGE][PASSED] - Send request successfully

2019-04-16 00:22:40 - [TEST_STEP][PASSED] - respondedXml = responseBodyContent: null

2019-04-16 00:22:40 - [TEST_STEP][PASSED] - dataValue = XmlSlurper().parseText(respondedXml): null

2019-04-16 00:22:40 - [TEST_STEP][PASSED] - codesReturned = []: null

2019-04-16 00:22:40 - [TEST_STEP][PASSED] - capitalsCityTestData = []: null

2019-04-16 00:22:40 - [TEST_STEP][PASSED] - capitalsCityTestData[0] = "Kabul": null

2019-04-16 00:22:40 - [TEST_STEP][PASSED] - capitalsCityTestData[1] = "Tirana": null

2019-04-16 00:22:40 - [TEST_STEP][PASSED] - for ([i = 1, i < 3, (i++)]): null

2019-04-16 00:22:40 - [TEST_STEP][PASSED] - codesReturned[i - 1] = sISOCode.text(): null

2019-04-16 00:22:41 - [TEST_STEP][PASSED] - codesReturned[i - 1] = sISOCode.text(): null

2019-04-16 00:22:41 - [TEST_STEP][PASSED] - for ([i = 0, i < 2, (i++)]): Verify element text successfully

2019-04-16 00:22:41 - [TEST_STEP][PASSED] - ISOCode = codesReturned[i]: null

2019-04-16 00:22:41 - [TEST_STEP][PASSED] - response1 = sendRequest(findTestObject("CountryList/CountryCapital")): Send request successfully

2019-04-16 00:22:41 - [MESSAGE][INFO] - HAR: M:\KatalonStudio\SimpleRESTTest\Reports\TestSuite2\20190416_002227\requests\main\1.har

2019-04-16 00:22:41 - [MESSAGE][PASSED] - Send request successfully

2019-04-16 00:22:41 - [TEST_STEP][PASSED] - verifyElementText(response1, "CapitalCityResponse.CapitalCityResult", capitalsCityTestData[i]): Verify element text successfully

2019-04-16 00:22:42 - [MESSAGE][PASSED] - Verify element text successfully

2019-04-16 00:22:42 - [TEST_STEP][PASSED] - ISOCode = codesReturned[i]: null

2019-04-16 00:22:42 - [TEST_STEP][PASSED] - response1 = sendRequest(findTestObject("CountryList/CountryCapital")): Send request successfully

2019-04-16 00:22:42 - [MESSAGE][INFO] - HAR: M:\KatalonStudio\SimpleRESTTest\Reports\TestSuite2\20190416_002227\requests\main\2.har

2019-04-16 00:22:42 - [MESSAGE][PASSED] - Send request successfully

2019-04-16 00:22:42 - [TEST_STEP][PASSED] - verifyElementText(response1, "CapitalCityResponse.CapitalCityResult", capitalsCityTestData[i]): Verify element text successfully

2019-04-16 00:22:42 - [MESSAGE][PASSED] - Verify element text successfully]]></system-out>
         <system-err><![CDATA[]]></system-err>
      </testcase>
      <system-out><![CDATA[2019-04-16 00:22:35 - [TEST_SUITE][PASSED] - TestSuite2: Test Cases/CapitalCityByISOCodeFindTest]]></system-out>
      <system-err><![CDATA[]]></system-err>
   </testsuite>
</testsuites>
